2017-03-01 00:00:16 TRACE AuthorizationFilter:30 - AuthorizationFilter doFilter
2017-03-01 00:00:16 TRACE RiddlesListServlet:24 - RiddlesListServlet GET
2017-03-01 00:00:16 TRACE RiddleDAO:25 - Connection to DB in getAllRiddles method
2017-03-01 00:00:16 TRACE RiddleDAO:31 - Get connection in getAllRiddles method
2017-03-01 00:00:16 TRACE ConnectionPool:43 - Получаем доступное подключение из пула
2017-03-01 00:00:16 TRACE ConnectionPool:49 - AvailableConns size != 0
2017-03-01 00:00:16 TRACE RiddleDAO:67 - Close statement in getAllRiddles method
2017-03-01 00:00:16 TRACE RiddleDAO:68 - Return connection in getAllRiddles method
2017-03-01 00:00:16 TRACE ConnectionPool:58 - Возвращаем подключение в пулл
2017-03-01 00:00:19 TRACE AuthorizationFilter:30 - AuthorizationFilter doFilter
2017-03-01 00:00:19 TRACE RiddleEditServlet:22 - RiddleEditServlet GET
2017-03-01 00:00:19 TRACE RiddleDAO:76 - Connection to DB in getRiddleById method
2017-03-01 00:00:19 TRACE RiddleDAO:84 - Get connection in getRiddleById method
2017-03-01 00:00:19 TRACE ConnectionPool:43 - Получаем доступное подключение из пула
2017-03-01 00:00:19 TRACE ConnectionPool:49 - AvailableConns size != 0
2017-03-01 00:00:19 DEBUG RiddleDAO:97 - Find riddle by id - 2
2017-03-01 00:00:19 TRACE RiddleDAO:122 - Close PreparedStatement in getRiddleById method
2017-03-01 00:00:19 TRACE RiddleDAO:123 - Return connection in getRiddleById method
2017-03-01 00:00:19 TRACE ConnectionPool:58 - Возвращаем подключение в пулл
2017-03-01 00:00:19 TRACE RiddleEditServlet:30 - 2
2017-03-01 00:00:19 TRACE RiddleEditServlet:35 - models.pojo.Riddle@4dd6d33d
2017-03-01 00:00:20 TRACE AuthorizationFilter:30 - AuthorizationFilter doFilter
2017-03-01 00:00:20 TRACE RiddleEditServlet:51 - RiddleEditServlet POST
2017-03-01 00:00:20 TRACE RiddleDAO:131 - Connection to DB in blockOrUnblockRiddle method
2017-03-01 00:00:20 TRACE RiddleDAO:139 - Get connection in blockOrUnblockRiddle method
2017-03-01 00:00:20 TRACE ConnectionPool:43 - Получаем доступное подключение из пула
2017-03-01 00:00:20 TRACE ConnectionPool:49 - AvailableConns size != 0
2017-03-01 00:00:20 TRACE RiddleDAO:161 - Close PreparedStatement in blockOrUnblockRiddle method
2017-03-01 00:00:20 TRACE RiddleDAO:162 - Return connection in blockOrUnblockRiddle method
2017-03-01 00:00:20 TRACE ConnectionPool:58 - Возвращаем подключение в пулл
2017-03-01 00:00:20 TRACE AuthorizationFilter:30 - AuthorizationFilter doFilter
2017-03-01 00:00:20 TRACE RiddlesListServlet:24 - RiddlesListServlet GET
2017-03-01 00:00:20 TRACE RiddleDAO:25 - Connection to DB in getAllRiddles method
2017-03-01 00:00:20 TRACE RiddleDAO:31 - Get connection in getAllRiddles method
2017-03-01 00:00:20 TRACE ConnectionPool:43 - Получаем доступное подключение из пула
2017-03-01 00:00:20 TRACE ConnectionPool:49 - AvailableConns size != 0
2017-03-01 00:00:20 TRACE RiddleDAO:67 - Close statement in getAllRiddles method
2017-03-01 00:00:20 TRACE RiddleDAO:68 - Return connection in getAllRiddles method
2017-03-01 00:00:20 TRACE ConnectionPool:58 - Возвращаем подключение в пулл
2017-03-01 00:00:22 TRACE AuthorizationFilter:30 - AuthorizationFilter doFilter
2017-03-01 00:00:22 TRACE RiddleEditServlet:22 - RiddleEditServlet GET
2017-03-01 00:00:22 TRACE RiddleDAO:76 - Connection to DB in getRiddleById method
2017-03-01 00:00:22 TRACE RiddleDAO:84 - Get connection in getRiddleById method
2017-03-01 00:00:22 TRACE ConnectionPool:43 - Получаем доступное подключение из пула
2017-03-01 00:00:22 TRACE ConnectionPool:49 - AvailableConns size != 0
2017-03-01 00:00:22 DEBUG RiddleDAO:97 - Find riddle by id - 2
2017-03-01 00:00:22 TRACE RiddleDAO:122 - Close PreparedStatement in getRiddleById method
2017-03-01 00:00:22 TRACE RiddleDAO:123 - Return connection in getRiddleById method
2017-03-01 00:00:22 TRACE ConnectionPool:58 - Возвращаем подключение в пулл
2017-03-01 00:00:22 TRACE RiddleEditServlet:30 - 2
2017-03-01 00:00:22 TRACE RiddleEditServlet:35 - models.pojo.Riddle@25271d43
2017-03-01 00:00:24 TRACE AuthorizationFilter:30 - AuthorizationFilter doFilter
2017-03-01 00:00:24 TRACE RiddlesListServlet:24 - RiddlesListServlet GET
2017-03-01 00:00:24 TRACE RiddleDAO:25 - Connection to DB in getAllRiddles method
2017-03-01 00:00:24 TRACE RiddleDAO:31 - Get connection in getAllRiddles method
2017-03-01 00:00:24 TRACE ConnectionPool:43 - Получаем доступное подключение из пула
2017-03-01 00:00:24 TRACE ConnectionPool:49 - AvailableConns size != 0
2017-03-01 00:00:24 TRACE RiddleDAO:67 - Close statement in getAllRiddles method
2017-03-01 00:00:24 TRACE RiddleDAO:68 - Return connection in getAllRiddles method
2017-03-01 00:00:24 TRACE ConnectionPool:58 - Возвращаем подключение в пулл
2017-03-01 00:00:25 TRACE AuthorizationFilter:30 - AuthorizationFilter doFilter
2017-03-01 00:00:25 TRACE AdminDashboardServlet:20 - AdminDashboardServlet GET
2017-03-01 00:00:26 TRACE LoginServlet:24 - LoginServlet GET
2017-03-01 00:00:27 TRACE LoginServlet:24 - LoginServlet GET
2017-03-01 00:00:47 TRACE LoginServlet:30 - LoginServlet POST
2017-03-01 00:00:47 TRACE UserDAO:27 - Connection to DB in getUser method
2017-03-01 00:00:47 TRACE UserDAO:33 - Get connection in getUser method
2017-03-01 00:00:47 TRACE ConnectionPool:43 - Получаем доступное подключение из пула
2017-03-01 00:00:47 TRACE ConnectionPool:49 - AvailableConns size != 0
2017-03-01 00:00:47 TRACE UserDAO:46 - Get ResultSet in getUser method
2017-03-01 00:00:47 TRACE UserDAO:69 - Close PreparedStatement in getUser method
2017-03-01 00:00:47 TRACE UserDAO:70 - Return connection in getUser method
2017-03-01 00:00:47 TRACE ConnectionPool:58 - Возвращаем подключение в пулл
2017-03-01 00:00:47 TRACE UserDAO:74 - Return users - id = 1 login = admin
2017-03-01 00:00:47 TRACE LoginServlet:40 - authorized and in session set attribute
2017-03-01 00:00:47 TRACE NotificationListener:42 - NotificationListener attribute replaced
2017-03-01 00:00:47 TRACE NotificationListener:42 - NotificationListener attribute replaced
2017-03-01 00:00:47 TRACE NotificationListener:42 - NotificationListener attribute replaced
2017-03-01 00:00:47 TRACE AuthorizationFilter:30 - AuthorizationFilter doFilter
2017-03-01 00:00:47 TRACE AdminDashboardServlet:20 - AdminDashboardServlet GET
2017-03-01 00:01:23 TRACE AuthorizationFilter:58 - AuthorizationFilter destroy
2017-03-01 00:01:24 TRACE AuthorizationFilter:23 - AuthorizationFilter init
2017-03-01 00:01:30 TRACE AuthorizationFilter:30 - AuthorizationFilter doFilter
2017-03-01 00:01:30 TRACE LoginServlet:24 - LoginServlet GET
2017-03-01 00:01:36 TRACE LoginServlet:30 - LoginServlet POST
2017-03-01 00:01:36 TRACE UserDAO:27 - Connection to DB in getUser method
2017-03-01 00:01:36 TRACE UserDAO:33 - Get connection in getUser method
2017-03-01 00:01:36 TRACE ConnectionPool:43 - Получаем доступное подключение из пула
2017-03-01 00:01:36 TRACE ConnectionPool:46 - AvailableConns size = 0
2017-03-01 00:01:36 TRACE ConnectionPool:36 - Генерируется новое подключение
2017-03-01 00:01:36 TRACE UserDAO:46 - Get ResultSet in getUser method
2017-03-01 00:01:36 TRACE UserDAO:69 - Close PreparedStatement in getUser method
2017-03-01 00:01:36 TRACE UserDAO:70 - Return connection in getUser method
2017-03-01 00:01:36 TRACE ConnectionPool:58 - Возвращаем подключение в пулл
2017-03-01 00:01:36 TRACE UserDAO:74 - Return users - id = 1 login = admin
2017-03-01 00:01:36 TRACE LoginServlet:40 - authorized and in session set attribute
2017-03-01 00:01:36 TRACE NotificationListener:18 - NotificationListener attribute added id
2017-03-01 00:01:36 TRACE NotificationListener:18 - NotificationListener attribute added admin
2017-03-01 00:01:36 TRACE NotificationListener:18 - NotificationListener attribute added notification
2017-03-01 00:01:36 TRACE NotificationListener:21 - NotificationListener event name == notification
2017-03-01 00:01:36 TRACE NotificationListener:25 - NotificationListener init send mail to admin
2017-03-01 00:01:36 TRACE Mailer:20 - Mailer sendMail
2017-03-01 00:01:38 TRACE AuthorizationFilter:30 - AuthorizationFilter doFilter
2017-03-01 00:01:38 TRACE AdminDashboardServlet:20 - AdminDashboardServlet GET
2017-03-01 00:02:12 TRACE LoginServlet:24 - LoginServlet GET
2017-03-01 00:02:13 TRACE LoginServlet:24 - LoginServlet GET
2017-03-01 00:02:23 TRACE LoginServlet:30 - LoginServlet POST
2017-03-01 00:02:23 TRACE UserDAO:27 - Connection to DB in getUser method
2017-03-01 00:02:23 TRACE UserDAO:33 - Get connection in getUser method
2017-03-01 00:02:23 TRACE ConnectionPool:43 - Получаем доступное подключение из пула
2017-03-01 00:02:23 TRACE ConnectionPool:49 - AvailableConns size != 0
2017-03-01 00:02:23 TRACE UserDAO:46 - Get ResultSet in getUser method
2017-03-01 00:02:23 TRACE UserDAO:69 - Close PreparedStatement in getUser method
2017-03-01 00:02:23 TRACE UserDAO:70 - Return connection in getUser method
2017-03-01 00:02:23 TRACE ConnectionPool:58 - Возвращаем подключение в пулл
2017-03-01 00:02:23 TRACE UserDAO:74 - Return users - id = 1 login = admin
2017-03-01 00:02:23 TRACE LoginServlet:40 - authorized and in session set attribute
2017-03-01 00:02:23 TRACE NotificationListener:42 - NotificationListener attribute replaced
2017-03-01 00:02:23 TRACE NotificationListener:42 - NotificationListener attribute replaced
2017-03-01 00:02:23 TRACE NotificationListener:42 - NotificationListener attribute replaced
2017-03-01 00:02:23 TRACE AuthorizationFilter:30 - AuthorizationFilter doFilter
2017-03-01 00:02:23 TRACE AdminDashboardServlet:20 - AdminDashboardServlet GET
2017-03-01 00:03:16 TRACE LoginServlet:24 - LoginServlet GET
2017-03-01 00:06:35 TRACE AuthorizationFilter:58 - AuthorizationFilter destroy
2017-03-01 00:06:36 TRACE AuthorizationFilter:23 - AuthorizationFilter init
2017-03-01 00:06:45 TRACE LoginServlet:30 - LoginServlet POST
2017-03-01 00:06:45 TRACE UserDAO:27 - Connection to DB in getUser method
2017-03-01 00:06:45 TRACE UserDAO:33 - Get connection in getUser method
2017-03-01 00:06:45 TRACE ConnectionPool:43 - Получаем доступное подключение из пула
2017-03-01 00:06:45 TRACE ConnectionPool:46 - AvailableConns size = 0
2017-03-01 00:06:45 TRACE ConnectionPool:36 - Генерируется новое подключение
2017-03-01 00:06:45 TRACE UserDAO:46 - Get ResultSet in getUser method
2017-03-01 00:06:45 TRACE UserDAO:69 - Close PreparedStatement in getUser method
2017-03-01 00:06:45 TRACE UserDAO:70 - Return connection in getUser method
2017-03-01 00:06:45 TRACE ConnectionPool:58 - Возвращаем подключение в пулл
2017-03-01 00:06:45 TRACE UserDAO:74 - Return users - id = 1 login = admin
2017-03-01 00:06:45 TRACE LoginServlet:40 - authorized and in session set attribute
2017-03-01 00:06:45 TRACE NotificationListener:18 - NotificationListener attribute added id
2017-03-01 00:06:45 TRACE NotificationListener:18 - NotificationListener attribute added admin
2017-03-01 00:06:45 TRACE NotificationListener:18 - NotificationListener attribute added notification
2017-03-01 00:06:45 TRACE NotificationListener:36 - NotificationListener event name == notification
2017-03-01 00:06:45 TRACE NotificationListener:40 - NotificationListener init send mail to admin
2017-03-01 00:06:46 TRACE Mailer:20 - Mailer sendMail
2017-03-01 00:06:48 TRACE AuthorizationFilter:30 - AuthorizationFilter doFilter
2017-03-01 00:06:48 TRACE AdminDashboardServlet:20 - AdminDashboardServlet GET
